<?xml version="1.0" encoding="UTF-8"?>
<!-- Generated by org.testng.reporters.JUnitXMLReporter -->
<testsuite ignored="0" hostname="Haridass" failures="1" tests="5" name="Test" time="14.007" errors="0" timestamp="2024-12-28T12:57:04 IST">
  <testcase classname="testNG_AnnotationsAndAttributes.DependsOnGroup" name="faceBooksite" time="5.951"/>
  <testcase classname="testNG_AnnotationsAndAttributes.DependsOnGroup" name="group1" time="0.005">
    <failure type="java.lang.ArithmeticException" message="/ by zero">
      <![CDATA[java.lang.ArithmeticException: / by zero
at testNG_AnnotationsAndAttributes.DependsOnGroup.group1(DependsOnGroup.java:20)
at java.base/java.util.ArrayList.forEach(ArrayList.java:1597)
... Removed 25 stack frames]]>
    </failure>
  </testcase> <!-- group1 -->
  <testcase classname="testNG_AnnotationsAndAttributes.DependsOnGroup" name="googleSite" time="0.0">
    <skipped/>
  </testcase> <!-- googleSite -->
  <testcase classname="testNG_AnnotationsAndAttributes.DependsOnGroup" name="group2and3" time="0.0">
    <skipped/>
  </testcase> <!-- group2and3 -->
  <testcase classname="testNG_AnnotationsAndAttributes.DependsOnGroup" name="youtubesite" time="7.916"/>
</testsuite> <!-- Test -->
