<?xml version="1.0" encoding="UTF-8"?>
<!-- Generated by org.testng.reporters.JUnitXMLReporter -->
<testsuite ignored="0" hostname="Haridass" failures="0" tests="5" name="Test" time="0.133" errors="0" timestamp="2024-12-28T12:50:39 IST">
  <testcase classname="testNG_AnnotationsAndAttributes.Groups" name="method1" time="0.027"/>
  <testcase classname="testNG_AnnotationsAndAttributes.Groups" name="method2" time="0.003"/>
  <testcase classname="testNG_AnnotationsAndAttributes.Groups" name="method3" time="0.002"/>
  <testcase classname="testNG_AnnotationsAndAttributes.Groups" name="method4" time="0.003"/>
  <testcase classname="testNG_AnnotationsAndAttributes.Groups" name="method5" time="0.003"/>
</testsuite> <!-- Test -->
