<?xml version="1.0" encoding="UTF-8"?>
<testng-results ignored="0" total="2" passed="2" failed="0" skipped="0">
  <reporter-output>
  </reporter-output>
  <suite started-at="2024-12-28T14:03:01 IST" name="Suite" finished-at="2024-12-28T14:03:09 IST" duration-ms="8585">
    <groups>
    </groups>
    <test started-at="2024-12-28T14:03:01 IST" name="Test" finished-at="2024-12-28T14:03:09 IST" duration-ms="8585">
      <class name="testNG_AnnotationsAndAttributes.ParametersInTestNG">
        <test-method signature="launchBrowser(java.lang.String)[pri:0, instance:testNG_AnnotationsAndAttributes.ParametersInTestNG@24aed80c]" started-at="2024-12-28T14:03:01 IST" name="launchBrowser" finished-at="2024-12-28T14:03:09 IST" duration-ms="8487" status="PASS">
          <params>
            <param index="0">
              <value>
                <![CDATA[Edge]]>
              </value>
            </param>
          </params>
          <reporter-output>
          </reporter-output>
        </test-method> <!-- launchBrowser -->
        <test-method signature="methoWithParameter(java.lang.String,java.lang.String)[pri:0, instance:testNG_AnnotationsAndAttributes.ParametersInTestNG@24aed80c]" started-at="2024-12-28T14:03:09 IST" name="methoWithParameter" finished-at="2024-12-28T14:03:09 IST" duration-ms="8" status="PASS">
          <params>
            <param index="0">
              <value>
                <![CDATA[Hari]]>
              </value>
            </param>
            <param index="1">
              <value>
                <![CDATA[Dass]]>
              </value>
            </param>
          </params>
          <reporter-output>
          </reporter-output>
        </test-method> <!-- methoWithParameter -->
      </class> <!-- testNG_AnnotationsAndAttributes.ParametersInTestNG -->
    </test> <!-- Test -->
  </suite> <!-- Suite -->
</testng-results>
